Refreshing org.springframework.context.support.ClassPathXmlApplicationContext@5f66320b: display name [org.springframework.context.support.ClassPathXmlApplicationContext@5f66320b]; startup date [Sat Jun 06 00:02:06 CST 2015]; root of context hierarchy
Loading XML bean definitions from class path resource [beans.xml]
Bean factory for application context [org.springframework.context.support.ClassPathXmlApplicationContext@5f66320b]: org.springframework.beans.factory.support.DefaultListableBeanFactory@253d190a
Pre-instantiating singletons in org.springframework.beans.factory.support.DefaultListableBeanFactory@253d190a: defining beans [org.springframework.aop.config.internalAutoProxyCreator,org.springframework.transaction.annotation.AnnotationTransactionAttributeSource#0,org.springframework.transaction.interceptor.TransactionInterceptor#0,org.springframework.transaction.config.internalTransactionAdvisor,fab,baseDao,baseServiec,org.springframework.context.annotation.internalPersistenceAnnotationProcessor,org.springframework.context.annotation.internalCommonAnnotationProcessor,org.springframework.context.annotation.internalAutowiredAnnotationProcessor,org.springframework.context.annotation.internalRequiredAnnotationProcessor,dataSource,sessionFactory,txManager]; root of factory hierarchy
Loaded JDBC driver: com.mysql.jdbc.Driver
Building new Hibernate SessionFactory
Using DataSource [org.springframework.jdbc.datasource.DriverManagerDataSource@5f18d1f9] of Hibernate SessionFactory for HibernateTransactionManager
Refreshing org.springframework.context.support.ClassPathXmlApplicationContext@5f66320b: display name [org.springframework.context.support.ClassPathXmlApplicationContext@5f66320b]; startup date [Sat Jun 06 00:03:38 CST 2015]; root of context hierarchy
Loading XML bean definitions from class path resource [beans.xml]
Bean factory for application context [org.springframework.context.support.ClassPathXmlApplicationContext@5f66320b]: org.springframework.beans.factory.support.DefaultListableBeanFactory@253d190a
Pre-instantiating singletons in org.springframework.beans.factory.support.DefaultListableBeanFactory@253d190a: defining beans [org.springframework.aop.config.internalAutoProxyCreator,org.springframework.transaction.annotation.AnnotationTransactionAttributeSource#0,org.springframework.transaction.interceptor.TransactionInterceptor#0,org.springframework.transaction.config.internalTransactionAdvisor,fab,baseDao,baseServiec,org.springframework.context.annotation.internalPersistenceAnnotationProcessor,org.springframework.context.annotation.internalCommonAnnotationProcessor,org.springframework.context.annotation.internalAutowiredAnnotationProcessor,org.springframework.context.annotation.internalRequiredAnnotationProcessor,dataSource,sessionFactory,txManager]; root of factory hierarchy
Loaded JDBC driver: com.mysql.jdbc.Driver
Building new Hibernate SessionFactory
Using DataSource [org.springframework.jdbc.datasource.DriverManagerDataSource@73b05494] of Hibernate SessionFactory for HibernateTransactionManager
Refreshing org.springframework.context.support.ClassPathXmlApplicationContext@73772c5: display name [org.springframework.context.support.ClassPathXmlApplicationContext@73772c5]; startup date [Sat Jun 06 10:00:03 CST 2015]; root of context hierarchy
Loading XML bean definitions from class path resource [beans.xml]
Bean factory for application context [org.springframework.context.support.ClassPathXmlApplicationContext@73772c5]: org.springframework.beans.factory.support.DefaultListableBeanFactory@c50df2
Pre-instantiating singletons in org.springframework.beans.factory.support.DefaultListableBeanFactory@c50df2: defining beans [org.springframework.aop.config.internalAutoProxyCreator,org.springframework.transaction.annotation.AnnotationTransactionAttributeSource#0,org.springframework.transaction.interceptor.TransactionInterceptor#0,org.springframework.transaction.config.internalTransactionAdvisor,fab,baseDao,baseServiec,org.springframework.context.annotation.internalPersistenceAnnotationProcessor,org.springframework.context.annotation.internalCommonAnnotationProcessor,org.springframework.context.annotation.internalAutowiredAnnotationProcessor,org.springframework.context.annotation.internalRequiredAnnotationProcessor,dataSource,sessionFactory,txManager]; root of factory hierarchy
Loaded JDBC driver: com.mysql.jdbc.Driver
Building new Hibernate SessionFactory
Using DataSource [org.springframework.jdbc.datasource.DriverManagerDataSource@558cdd] of Hibernate SessionFactory for HibernateTransactionManager
Refreshing org.springframework.context.support.ClassPathXmlApplicationContext@73772c5: display name [org.springframework.context.support.ClassPathXmlApplicationContext@73772c5]; startup date [Sat Jun 06 10:00:42 CST 2015]; root of context hierarchy
Loading XML bean definitions from class path resource [beans.xml]
Bean factory for application context [org.springframework.context.support.ClassPathXmlApplicationContext@73772c5]: org.springframework.beans.factory.support.DefaultListableBeanFactory@c50df2
Pre-instantiating singletons in org.springframework.beans.factory.support.DefaultListableBeanFactory@c50df2: defining beans [org.springframework.aop.config.internalAutoProxyCreator,org.springframework.transaction.annotation.AnnotationTransactionAttributeSource#0,org.springframework.transaction.interceptor.TransactionInterceptor#0,org.springframework.transaction.config.internalTransactionAdvisor,fab,baseDao,baseServiec,org.springframework.context.annotation.internalPersistenceAnnotationProcessor,org.springframework.context.annotation.internalCommonAnnotationProcessor,org.springframework.context.annotation.internalAutowiredAnnotationProcessor,org.springframework.context.annotation.internalRequiredAnnotationProcessor,dataSource,sessionFactory,txManager]; root of factory hierarchy
Loaded JDBC driver: com.mysql.jdbc.Driver
Building new Hibernate SessionFactory
Using DataSource [org.springframework.jdbc.datasource.DriverManagerDataSource@44f5176] of Hibernate SessionFactory for HibernateTransactionManager
Refreshing org.springframework.context.support.ClassPathXmlApplicationContext@2c320256: display name [org.springframework.context.support.ClassPathXmlApplicationContext@2c320256]; startup date [Sat Jun 06 10:11:40 CST 2015]; root of context hierarchy
Loading XML bean definitions from class path resource [beans.xml]
Bean factory for application context [org.springframework.context.support.ClassPathXmlApplicationContext@2c320256]: org.springframework.beans.factory.support.DefaultListableBeanFactory@380db6a
Pre-instantiating singletons in org.springframework.beans.factory.support.DefaultListableBeanFactory@380db6a: defining beans [org.springframework.context.annotation.internalPersistenceAnnotationProcessor,org.springframework.context.annotation.internalCommonAnnotationProcessor,org.springframework.context.annotation.internalAutowiredAnnotationProcessor,org.springframework.context.annotation.internalRequiredAnnotationProcessor,org.springframework.aop.config.internalAutoProxyCreator,org.springframework.transaction.annotation.AnnotationTransactionAttributeSource#0,org.springframework.transaction.interceptor.TransactionInterceptor#0,org.springframework.transaction.config.internalTransactionAdvisor,fab,baseDao,baseServiec,dataSource,sessionFactory,txManager]; root of factory hierarchy
Loaded JDBC driver: com.mysql.jdbc.Driver
Building new Hibernate SessionFactory
Using DataSource [org.springframework.jdbc.datasource.DriverManagerDataSource@5def0744] of Hibernate SessionFactory for HibernateTransactionManager
Refreshing org.springframework.context.support.ClassPathXmlApplicationContext@2c320256: display name [org.springframework.context.support.ClassPathXmlApplicationContext@2c320256]; startup date [Sat Jun 06 10:38:12 CST 2015]; root of context hierarchy
Loading XML bean definitions from class path resource [beans.xml]
Bean factory for application context [org.springframework.context.support.ClassPathXmlApplicationContext@2c320256]: org.springframework.beans.factory.support.DefaultListableBeanFactory@380db6a
Pre-instantiating singletons in org.springframework.beans.factory.support.DefaultListableBeanFactory@380db6a: defining beans [org.springframework.context.annotation.internalPersistenceAnnotationProcessor,org.springframework.context.annotation.internalCommonAnnotationProcessor,org.springframework.context.annotation.internalAutowiredAnnotationProcessor,org.springframework.context.annotation.internalRequiredAnnotationProcessor,org.springframework.aop.config.internalAutoProxyCreator,org.springframework.transaction.annotation.AnnotationTransactionAttributeSource#0,org.springframework.transaction.interceptor.TransactionInterceptor#0,org.springframework.transaction.config.internalTransactionAdvisor,fab,baseDao,baseServiec,dataSource,sessionFactory,txManager]; root of factory hierarchy
Loaded JDBC driver: com.mysql.jdbc.Driver
Building new Hibernate SessionFactory
Using DataSource [org.springframework.jdbc.datasource.DriverManagerDataSource@736d1c2f] of Hibernate SessionFactory for HibernateTransactionManager
Refreshing org.springframework.context.support.ClassPathXmlApplicationContext@4dfbca86: display name [org.springframework.context.support.ClassPathXmlApplicationContext@4dfbca86]; startup date [Sat Jun 06 10:42:27 CST 2015]; root of context hierarchy
Loading XML bean definitions from class path resource [beans.xml]
Bean factory for application context [org.springframework.context.support.ClassPathXmlApplicationContext@4dfbca86]: org.springframework.beans.factory.support.DefaultListableBeanFactory@7e8a8fc4
Pre-instantiating singletons in org.springframework.beans.factory.support.DefaultListableBeanFactory@7e8a8fc4: defining beans [org.springframework.context.annotation.internalPersistenceAnnotationProcessor,org.springframework.context.annotation.internalCommonAnnotationProcessor,org.springframework.context.annotation.internalAutowiredAnnotationProcessor,org.springframework.context.annotation.internalRequiredAnnotationProcessor,org.springframework.aop.config.internalAutoProxyCreator,org.springframework.transaction.annotation.AnnotationTransactionAttributeSource#0,org.springframework.transaction.interceptor.TransactionInterceptor#0,org.springframework.transaction.config.internalTransactionAdvisor,fab,baseDao,baseService,dataSource,sessionFactory,txManager]; root of factory hierarchy
Loaded JDBC driver: com.mysql.jdbc.Driver
Building new Hibernate SessionFactory
Using DataSource [org.springframework.jdbc.datasource.DriverManagerDataSource@3e64d900] of Hibernate SessionFactory for HibernateTransactionManager
2015-06-06 10:42:28 save entity com.xtu.web.pojo.User@6e7fa4e0 failed,error message:No Hibernate Session bound to thread, and configuration does not allow creation of non-transactional one here
Refreshing org.springframework.context.support.ClassPathXmlApplicationContext@4dfbca86: display name [org.springframework.context.support.ClassPathXmlApplicationContext@4dfbca86]; startup date [Sat Jun 06 10:45:59 CST 2015]; root of context hierarchy
Loading XML bean definitions from class path resource [beans.xml]
Bean factory for application context [org.springframework.context.support.ClassPathXmlApplicationContext@4dfbca86]: org.springframework.beans.factory.support.DefaultListableBeanFactory@7e8a8fc4
Pre-instantiating singletons in org.springframework.beans.factory.support.DefaultListableBeanFactory@7e8a8fc4: defining beans [org.springframework.context.annotation.internalPersistenceAnnotationProcessor,org.springframework.context.annotation.internalCommonAnnotationProcessor,org.springframework.context.annotation.internalAutowiredAnnotationProcessor,org.springframework.context.annotation.internalRequiredAnnotationProcessor,org.springframework.aop.config.internalAutoProxyCreator,org.springframework.transaction.annotation.AnnotationTransactionAttributeSource#0,org.springframework.transaction.interceptor.TransactionInterceptor#0,org.springframework.transaction.config.internalTransactionAdvisor,fab,baseDao,baseService,dataSource,sessionFactory,txManager]; root of factory hierarchy
Loaded JDBC driver: com.mysql.jdbc.Driver
Building new Hibernate SessionFactory
Using DataSource [org.springframework.jdbc.datasource.DriverManagerDataSource@4ee2af00] of Hibernate SessionFactory for HibernateTransactionManager
2015-06-06 10:46:00 save entity com.xtu.web.pojo.User@7e21a6cc failed,error message:No Hibernate Session bound to thread, and configuration does not allow creation of non-transactional one here
Refreshing org.springframework.context.support.ClassPathXmlApplicationContext@4dad4b69: display name [org.springframework.context.support.ClassPathXmlApplicationContext@4dad4b69]; startup date [Sat Jun 06 10:46:37 CST 2015]; root of context hierarchy
Loading XML bean definitions from class path resource [beans.xml]
Bean factory for application context [org.springframework.context.support.ClassPathXmlApplicationContext@4dad4b69]: org.springframework.beans.factory.support.DefaultListableBeanFactory@3ae4cdc3
Pre-instantiating singletons in org.springframework.beans.factory.support.DefaultListableBeanFactory@3ae4cdc3: defining beans [org.springframework.context.annotation.internalPersistenceAnnotationProcessor,org.springframework.context.annotation.internalCommonAnnotationProcessor,org.springframework.context.annotation.internalAutowiredAnnotationProcessor,org.springframework.context.annotation.internalRequiredAnnotationProcessor,org.springframework.aop.config.internalAutoProxyCreator,org.springframework.transaction.annotation.AnnotationTransactionAttributeSource#0,org.springframework.transaction.interceptor.TransactionInterceptor#0,org.springframework.transaction.config.internalTransactionAdvisor,fab,baseDao,baseService,dataSource,sessionFactory,txManager]; root of factory hierarchy
Loaded JDBC driver: com.mysql.jdbc.Driver
Building new Hibernate SessionFactory
Using DataSource [org.springframework.jdbc.datasource.DriverManagerDataSource@44f5176] of Hibernate SessionFactory for HibernateTransactionManager
2015-06-06 10:46:38 save entity com.xtu.web.pojo.User@534ddbc5 failed,error message:No Hibernate Session bound to thread, and configuration does not allow creation of non-transactional one here
Refreshing org.springframework.context.support.ClassPathXmlApplicationContext@2c320256: display name [org.springframework.context.support.ClassPathXmlApplicationContext@2c320256]; startup date [Sat Jun 06 10:47:49 CST 2015]; root of context hierarchy
Loading XML bean definitions from class path resource [beans.xml]
Bean factory for application context [org.springframework.context.support.ClassPathXmlApplicationContext@2c320256]: org.springframework.beans.factory.support.DefaultListableBeanFactory@380db6a
Pre-instantiating singletons in org.springframework.beans.factory.support.DefaultListableBeanFactory@380db6a: defining beans [org.springframework.context.annotation.internalPersistenceAnnotationProcessor,org.springframework.context.annotation.internalCommonAnnotationProcessor,org.springframework.context.annotation.internalAutowiredAnnotationProcessor,org.springframework.context.annotation.internalRequiredAnnotationProcessor,org.springframework.aop.config.internalAutoProxyCreator,org.springframework.transaction.annotation.AnnotationTransactionAttributeSource#0,org.springframework.transaction.interceptor.TransactionInterceptor#0,org.springframework.transaction.config.internalTransactionAdvisor,fab,baseDao,baseService,dataSource,sessionFactory,txManager]; root of factory hierarchy
Loaded JDBC driver: com.mysql.jdbc.Driver
Building new Hibernate SessionFactory
Using DataSource [org.springframework.jdbc.datasource.DriverManagerDataSource@6ce53e6a] of Hibernate SessionFactory for HibernateTransactionManager
2015-06-06 10:47:50 save entity com.xtu.web.pojo.User@19e0b0ed failed,error message:No Hibernate Session bound to thread, and configuration does not allow creation of non-transactional one here
Refreshing org.springframework.context.support.ClassPathXmlApplicationContext@73772c5: display name [org.springframework.context.support.ClassPathXmlApplicationContext@73772c5]; startup date [Sat Jun 06 10:48:58 CST 2015]; root of context hierarchy
Loading XML bean definitions from class path resource [beans.xml]
Bean factory for application context [org.springframework.context.support.ClassPathXmlApplicationContext@73772c5]: org.springframework.beans.factory.support.DefaultListableBeanFactory@b4e3a1
Pre-instantiating singletons in org.springframework.beans.factory.support.DefaultListableBeanFactory@b4e3a1: defining beans [org.springframework.context.annotation.internalPersistenceAnnotationProcessor,org.springframework.context.annotation.internalCommonAnnotationProcessor,org.springframework.context.annotation.internalAutowiredAnnotationProcessor,org.springframework.context.annotation.internalRequiredAnnotationProcessor,org.springframework.aop.config.internalAutoProxyCreator,org.springframework.transaction.annotation.AnnotationTransactionAttributeSource#0,org.springframework.transaction.interceptor.TransactionInterceptor#0,org.springframework.transaction.config.internalTransactionAdvisor,fab,baseDao,baseService,dataSource,sessionFactory,txManager]; root of factory hierarchy
Loaded JDBC driver: com.mysql.jdbc.Driver
Building new Hibernate SessionFactory
Using DataSource [org.springframework.jdbc.datasource.DriverManagerDataSource@381eb067] of Hibernate SessionFactory for HibernateTransactionManager
2015-06-06 10:48:59 save entity com.xtu.web.pojo.User@64dc0427 failed,error message:No Hibernate Session bound to thread, and configuration does not allow creation of non-transactional one here
